This file contains any messages produced by compilers while
running configure, to aid debugging if configure makes a mistake.

It was created by libsndfile configure 1.0.28, which was
generated by GNU Autoconf 2.69.  Invocation command line was

  $ ./configure 

## --------- ##
## Platform. ##
## --------- ##

hostname = raspberrypi
uname -m = armv7l
uname -r = 4.9.41-v7+
uname -s = Linux
uname -v = #1023 SMP Tue Aug 8 16:00:15 BST 2017

/usr/bin/uname -p = unknown
/bin/uname -X     = unknown

/bin/arch              = unknown
/usr/bin/arch -k       = unknown
/usr/convex/getsysinfo = unknown
/usr/bin/hostinfo      = unknown
/bin/machine           = unknown
/usr/bin/oslevel       = unknown
/bin/universe          = unknown

PATH: /usr/local/sbin
PATH: /usr/local/bin
PATH: /usr/sbin
PATH: /usr/bin
PATH: /sbin
PATH: /bin
PATH: /usr/local/games
PATH: /usr/games


## ----------- ##
## Core tests. ##
## ----------- ##

configure:2832: checking build system type
configure:2846: result: armv7l-unknown-linux-gnueabihf
configure:2866: checking host system type
configure:2879: result: armv7l-unknown-linux-gnueabihf
configure:2899: checking target system type
configure:2912: result: armv7l-unknown-linux-gnueabihf
configure:2958: checking for a BSD-compatible install
configure:3026: result: /usr/bin/install -c
configure:3037: checking whether build environment is sane
configure:3092: result: yes
configure:3243: checking for a thread-safe mkdir -p
configure:3282: result: /bin/mkdir -p
configure:3289: checking for gawk
configure:3319: result: no
configure:3289: checking for mawk
configure:3305: found /usr/bin/mawk
configure:3316: result: mawk
configure:3327: checking whether make sets $(MAKE)
configure:3349: result: yes
configure:3378: checking whether make supports nested variables
configure:3395: result: yes
configure:3532: checking whether make supports nested variables
configure:3549: result: yes
configure:3580: checking for style of include used by make
configure:3608: result: GNU
configure:3679: checking for gcc
configure:3695: found /usr/bin/gcc
configure:3706: result: gcc
configure:3935: checking for C compiler version
configure:3944: gcc --version >&5
gcc (Raspbian 6.3.0-18+rpi1) 6.3.0 20170516
Copyright (C) 2016 Free Software Foundation, Inc.
This is free software; see the source for copying conditions.  There is NO
warranty; not even for MERCHANTABILITY or FITNESS FOR A PARTICULAR PURPOSE.

configure:3955: $? = 0
configure:3944: gcc -v >&5
Using built-in specs.
COLLECT_GCC=gcc
COLLECT_LTO_WRAPPER=/usr/lib/gcc/arm-linux-gnueabihf/6/lto-wrapper
Target: arm-linux-gnueabihf
Configured with: ../src/configure -v --with-pkgversion='Raspbian 6.3.0-18+rpi1' --with-bugurl=file:///usr/share/doc/gcc-6/README.Bugs --enable-languages=c,ada,c++,java,go,d,fortran,objc,obj-c++ --prefix=/usr --program-suffix=-6 --program-prefix=arm-linux-gnueabihf- --enable-shared --enable-linker-build-id --libexecdir=/usr/lib --without-included-gettext --enable-threads=posix --libdir=/usr/lib --enable-nls --with-sysroot=/ --enable-clocale=gnu --enable-libstdcxx-debug --enable-libstdcxx-time=yes --with-default-libstdcxx-abi=new --enable-gnu-unique-object --disable-libitm --disable-libquadmath --enable-plugin --with-system-zlib --disable-browser-plugin --enable-java-awt=gtk --enable-gtk-cairo --with-java-home=/usr/lib/jvm/java-1.5.0-gcj-6-armhf/jre --enable-java-home --with-jvm-root-dir=/usr/lib/jvm/java-1.5.0-gcj-6-armhf --with-jvm-jar-dir=/usr/lib/jvm-exports/java-1.5.0-gcj-6-armhf --with-arch-directory=arm --with-ecj-jar=/usr/share/java/eclipse-ecj.jar --with-target-system-zlib --enable-objc-gc=auto --enable-multiarch --disable-sjlj-exceptions --with-arch=armv6 --with-fpu=vfp --with-float=hard --enable-checking=release --build=arm-linux-gnueabihf --host=arm-linux-gnueabihf --target=arm-linux-gnueabihf
Thread model: posix
gcc version 6.3.0 20170516 (Raspbian 6.3.0-18+rpi1) 
configure:3955: $? = 0
configure:3944: gcc -V >&5
gcc: error: unrecognized command line option '-V'
gcc: fatal error: no input files
compilation terminated.
configure:3955: $? = 1
configure:3944: gcc -qversion >&5
gcc: error: unrecognized command line option '-qversion'; did you mean '--version'?
gcc: fatal error: no input files
compilation terminated.
configure:3955: $? = 1
configure:3975: checking whether the C compiler works
configure:3997: gcc    conftest.c  >&5
configure:4001: $? = 0
configure:4049: result: yes
configure:4052: checking for C compiler default output file name
configure:4054: result: a.out
configure:4060: checking for suffix of executables
configure:4067: gcc -o conftest    conftest.c  >&5
configure:4071: $? = 0
configure:4093: result: 
configure:4115: checking whether we are cross compiling
configure:4123: gcc -o conftest    conftest.c  >&5
configure:4127: $? = 0
configure:4134: ./conftest
configure:4138: $? = 0
configure:4153: result: no
configure:4158: checking for suffix of object files
configure:4180: gcc -c   conftest.c >&5
configure:4184: $? = 0
configure:4205: result: o
configure:4209: checking whether we are using the GNU C compiler
configure:4228: gcc -c   conftest.c >&5
configure:4228: $? = 0
configure:4237: result: yes
configure:4246: checking whether gcc accepts -g
configure:4266: gcc -c -g  conftest.c >&5
configure:4266: $? = 0
configure:4307: result: yes
configure:4324: checking for gcc option to accept ISO C89
configure:4387: gcc  -c -g -O2  conftest.c >&5
configure:4387: $? = 0
configure:4400: result: none needed
configure:4425: checking whether gcc understands -c and -o together
configure:4447: gcc -c conftest.c -o conftest2.o
configure:4450: $? = 0
configure:4447: gcc -c conftest.c -o conftest2.o
configure:4450: $? = 0
configure:4462: result: yes
configure:4481: checking dependency style of gcc
configure:4592: result: gcc3
configure:4611: checking for gcc option to accept ISO C99
configure:4760: gcc  -c -g -O2  conftest.c >&5
configure:4760: $? = 0
configure:4773: result: none needed
configure:4881: checking for gcc option to accept ISO Standard C
configure:4892: result: none needed
configure:4905: checking how to run the C preprocessor
configure:4936: gcc -E  conftest.c
configure:4936: $? = 0
configure:4950: gcc -E  conftest.c
conftest.c:11:28: fatal error: ac_nonexistent.h: No such file or directory
 #include <ac_nonexistent.h>
                            ^
compilation terminated.
configure:4950: $? = 1
configure: failed program was:
| /* confdefs.h */
| #define PACKAGE_NAME "libsndfile"
| #define PACKAGE_TARNAME "libsndfile"
| #define PACKAGE_VERSION "1.0.28"
| #define PACKAGE_STRING "libsndfile 1.0.28"
| #define PACKAGE_BUGREPORT "sndfile@mega-nerd.com"
| #define PACKAGE_URL "http://www.mega-nerd.com/libsndfile/"
| #define PACKAGE "libsndfile"
| #define VERSION "1.0.28"
| /* end confdefs.h.  */
| #include <ac_nonexistent.h>
configure:4975: result: gcc -E
configure:4995: gcc -E  conftest.c
configure:4995: $? = 0
configure:5009: gcc -E  conftest.c
conftest.c:11:28: fatal error: ac_nonexistent.h: No such file or directory
 #include <ac_nonexistent.h>
                            ^
compilation terminated.
configure:5009: $? = 1
configure: failed program was:
| /* confdefs.h */
| #define PACKAGE_NAME "libsndfile"
| #define PACKAGE_TARNAME "libsndfile"
| #define PACKAGE_VERSION "1.0.28"
| #define PACKAGE_STRING "libsndfile 1.0.28"
| #define PACKAGE_BUGREPORT "sndfile@mega-nerd.com"
| #define PACKAGE_URL "http://www.mega-nerd.com/libsndfile/"
| #define PACKAGE "libsndfile"
| #define VERSION "1.0.28"
| /* end confdefs.h.  */
| #include <ac_nonexistent.h>
configure:5038: checking for grep that handles long lines and -e
configure:5096: result: /bin/grep
configure:5101: checking for egrep
configure:5163: result: /bin/grep -E
configure:5168: checking for ANSI C header files
configure:5188: gcc -c -g -O2  conftest.c >&5
configure:5188: $? = 0
configure:5261: gcc -o conftest -g -O2   conftest.c  >&5
configure:5261: $? = 0
configure:5261: ./conftest
configure:5261: $? = 0
configure:5272: result: yes
configure:5285: checking for sys/types.h
configure:5285: gcc -c -g -O2  conftest.c >&5
configure:5285: $? = 0
configure:5285: result: yes
configure:5285: checking for sys/stat.h
configure:5285: gcc -c -g -O2  conftest.c >&5
configure:5285: $? = 0
configure:5285: result: yes
configure:5285: checking for stdlib.h
configure:5285: gcc -c -g -O2  conftest.c >&5
configure:5285: $? = 0
configure:5285: result: yes
configure:5285: checking for string.h
configure:5285: gcc -c -g -O2  conftest.c >&5
configure:5285: $? = 0
configure:5285: result: yes
configure:5285: checking for memory.h
configure:5285: gcc -c -g -O2  conftest.c >&5
configure:5285: $? = 0
configure:5285: result: yes
configure:5285: checking for strings.h
configure:5285: gcc -c -g -O2  conftest.c >&5
configure:5285: $? = 0
configure:5285: result: yes
configure:5285: checking for inttypes.h
configure:5285: gcc -c -g -O2  conftest.c >&5
configure:5285: $? = 0
configure:5285: result: yes
configure:5285: checking for stdint.h
configure:5285: gcc -c -g -O2  conftest.c >&5
configure:5285: $? = 0
configure:5285: result: yes
configure:5285: checking for unistd.h
configure:5285: gcc -c -g -O2  conftest.c >&5
configure:5285: $? = 0
configure:5285: result: yes
configure:5298: checking minix/config.h usability
configure:5298: gcc -c -g -O2  conftest.c >&5
conftest.c:54:26: fatal error: minix/config.h: No such file or directory
 #include <minix/config.h>
                          ^
compilation terminated.
configure:5298: $? = 1
configure: failed program was:
| /* confdefs.h */
| #define PACKAGE_NAME "libsndfile"
| #define PACKAGE_TARNAME "libsndfile"
| #define PACKAGE_VERSION "1.0.28"
| #define PACKAGE_STRING "libsndfile 1.0.28"
| #define PACKAGE_BUGREPORT "sndfile@mega-nerd.com"
| #define PACKAGE_URL "http://www.mega-nerd.com/libsndfile/"
| #define PACKAGE "libsndfile"
| #define VERSION "1.0.28"
| #define STDC_HEADERS 1
| #define HAVE_SYS_TYPES_H 1
| #define HAVE_SYS_STAT_H 1
| #define HAVE_STDLIB_H 1
| #define HAVE_STRING_H 1
| #define HAVE_MEMORY_H 1
| #define HAVE_STRINGS_H 1
| #define HAVE_INTTYPES_H 1
| #define HAVE_STDINT_H 1
| #define HAVE_UNISTD_H 1
| /* end confdefs.h.  */
| #include <stdio.h>
| #ifdef HAVE_SYS_TYPES_H
| # include <sys/types.h>
| #endif
| #ifdef HAVE_SYS_STAT_H
| # include <sys/stat.h>
| #endif
| #ifdef STDC_HEADERS
| # include <stdlib.h>
| # include <stddef.h>
| #else
| # ifdef HAVE_STDLIB_H
| #  include <stdlib.h>
| # endif
| #endif
| #ifdef HAVE_STRING_H
| # if !defined STDC_HEADERS && defined HAVE_MEMORY_H
| #  include <memory.h>
| # endif
| # include <string.h>
| #endif
| #ifdef HAVE_STRINGS_H
| # include <strings.h>
| #endif
| #ifdef HAVE_INTTYPES_H
| # include <inttypes.h>
| #endif
| #ifdef HAVE_STDINT_H
| # include <stdint.h>
| #endif
| #ifdef HAVE_UNISTD_H
| # include <unistd.h>
| #endif
| #include <minix/config.h>
configure:5298: result: no
configure:5298: checking minix/config.h presence
configure:5298: gcc -E  conftest.c
conftest.c:21:26: fatal error: minix/config.h: No such file or directory
 #include <minix/config.h>
                          ^
compilation terminated.
configure:5298: $? = 1
configure: failed program was:
| /* confdefs.h */
| #define PACKAGE_NAME "libsndfile"
| #define PACKAGE_TARNAME "libsndfile"
| #define PACKAGE_VERSION "1.0.28"
| #define PACKAGE_STRING "libsndfile 1.0.28"
| #define PACKAGE_BUGREPORT "sndfile@mega-nerd.com"
| #define PACKAGE_URL "http://www.mega-nerd.com/libsndfile/"
| #define PACKAGE "libsndfile"
| #define VERSION "1.0.28"
| #define STDC_HEADERS 1
| #define HAVE_SYS_TYPES_H 1
| #define HAVE_SYS_STAT_H 1
| #define HAVE_STDLIB_H 1
| #define HAVE_STRING_H 1
| #define HAVE_MEMORY_H 1
| #define HAVE_STRINGS_H 1
| #define HAVE_INTTYPES_H 1
| #define HAVE_STDINT_H 1
| #define HAVE_UNISTD_H 1
| /* end confdefs.h.  */
| #include <minix/config.h>
configure:5298: result: no
configure:5298: checking for minix/config.h
configure:5298: result: no
configure:5319: checking whether it is safe to define __EXTENSIONS__
configure:5337: gcc -c -g -O2  conftest.c >&5
configure:5337: $? = 0
configure:5344: result: yes
configure:5417: checking for g++
configure:5433: found /usr/bin/g++
configure:5444: result: g++
configure:5471: checking for C++ compiler version
configure:5480: g++ --version >&5
g++ (Raspbian 6.3.0-18+rpi1) 6.3.0 20170516
Copyright (C) 2016 Free Software Foundation, Inc.
This is free software; see the source for copying conditions.  There is NO
warranty; not even for MERCHANTABILITY or FITNESS FOR A PARTICULAR PURPOSE.

configure:5491: $? = 0
configure:5480: g++ -v >&5
Using built-in specs.
COLLECT_GCC=g++
COLLECT_LTO_WRAPPER=/usr/lib/gcc/arm-linux-gnueabihf/6/lto-wrapper
Target: arm-linux-gnueabihf
Configured with: ../src/configure -v --with-pkgversion='Raspbian 6.3.0-18+rpi1' --with-bugurl=file:///usr/share/doc/gcc-6/README.Bugs --enable-languages=c,ada,c++,java,go,d,fortran,objc,obj-c++ --prefix=/usr --program-suffix=-6 --program-prefix=arm-linux-gnueabihf- --enable-shared --enable-linker-build-id --libexecdir=/usr/lib --without-included-gettext --enable-threads=posix --libdir=/usr/lib --enable-nls --with-sysroot=/ --enable-clocale=gnu --enable-libstdcxx-debug --enable-libstdcxx-time=yes --with-default-libstdcxx-abi=new --enable-gnu-unique-object --disable-libitm --disable-libquadmath --enable-plugin --with-system-zlib --disable-browser-plugin --enable-java-awt=gtk --enable-gtk-cairo --with-java-home=/usr/lib/jvm/java-1.5.0-gcj-6-armhf/jre --enable-java-home --with-jvm-root-dir=/usr/lib/jvm/java-1.5.0-gcj-6-armhf --with-jvm-jar-dir=/usr/lib/jvm-exports/java-1.5.0-gcj-6-armhf --with-arch-directory=arm --with-ecj-jar=/usr/share/java/eclipse-ecj.jar --with-target-system-zlib --enable-objc-gc=auto --enable-multiarch --disable-sjlj-exceptions --with-arch=armv6 --with-fpu=vfp --with-float=hard --enable-checking=release --build=arm-linux-gnueabihf --host=arm-linux-gnueabihf --target=arm-linux-gnueabihf
Thread model: posix
gcc version 6.3.0 20170516 (Raspbian 6.3.0-18+rpi1) 
configure:5491: $? = 0
configure:5480: g++ -V >&5
g++: error: unrecognized command line option '-V'
g++: fatal error: no input files
compilation terminated.
configure:5491: $? = 1
configure:5480: g++ -qversion >&5
g++: error: unrecognized command line option '-qversion'; did you mean '--version'?
g++: fatal error: no input files
compilation terminated.
configure:5491: $? = 1
configure:5495: checking whether we are using the GNU C++ compiler
configure:5514: g++ -c   conftest.cpp >&5
configure:5514: $? = 0
configure:5523: result: yes
configure:5532: checking whether g++ accepts -g
configure:5552: g++ -c -g  conftest.cpp >&5
configure:5552: $? = 0
configure:5593: result: yes
configure:5618: checking dependency style of g++
configure:5729: result: gcc3
configure:5745: checking whether we are using the CLANG C compiler
configure:5768: gcc -o conftest -g -O2   conftest.c  >&5
conftest.c: In function 'main':
conftest.c:34:5: error: unknown type name 'This'
     This is not clang!
     ^~~~
conftest.c:34:13: error: expected '=', ',', ';', 'asm' or '__attribute__' before 'not'
     This is not clang!
             ^~~
configure:5768: $? = 1
configure: failed program was:
| /* confdefs.h */
| #define PACKAGE_NAME "libsndfile"
| #define PACKAGE_TARNAME "libsndfile"
| #define PACKAGE_VERSION "1.0.28"
| #define PACKAGE_STRING "libsndfile 1.0.28"
| #define PACKAGE_BUGREPORT "sndfile@mega-nerd.com"
| #define PACKAGE_URL "http://www.mega-nerd.com/libsndfile/"
| #define PACKAGE "libsndfile"
| #define VERSION "1.0.28"
| #define STDC_HEADERS 1
| #define HAVE_SYS_TYPES_H 1
| #define HAVE_SYS_STAT_H 1
| #define HAVE_STDLIB_H 1
| #define HAVE_STRING_H 1
| #define HAVE_MEMORY_H 1
| #define HAVE_STRINGS_H 1
| #define HAVE_INTTYPES_H 1
| #define HAVE_STDINT_H 1
| #define HAVE_UNISTD_H 1
| #define __EXTENSIONS__ 1
| #define _ALL_SOURCE 1
| #define _GNU_SOURCE 1
| #define _POSIX_PTHREAD_SEMANTICS 1
| #define _TANDEM_SOURCE 1
| /* end confdefs.h.  */
| 
| 			#include <stdio.h>
| 
| int
| main ()
| {
| 
| 			#ifndef __clang__
| 				This is not clang!
| 			#endif
| 
|   ;
|   return 0;
| }
configure:5774: result: no
configure:5800: gcc -o conftest -g -O2   conftest.c  >&5
configure:5800: $? = 0
configure:5812: checking for a sed that does not truncate output
configure:5876: result: /bin/sed
configure:5930: checking for ar
configure:5946: found /usr/bin/ar
configure:5957: result: ar
configure:5983: checking the archiver (ar) interface
configure:5999: gcc -c -g -O2  conftest.c >&5
configure:5999: $? = 0
configure:6001: ar cru libconftest.a conftest.o >&5
ar: `u' modifier ignored since `D' is the default (see `U')
configure:6004: $? = 0
configure:6032: result: ar
configure:6099: checking how to print strings
configure:6126: result: printf
configure:6147: checking for a sed that does not truncate output
configure:6211: result: /bin/sed
configure:6229: checking for fgrep
configure:6291: result: /bin/grep -F
configure:6326: checking for ld used by gcc
configure:6393: result: /usr/bin/ld
configure:6400: checking if the linker (/usr/bin/ld) is GNU ld
configure:6415: result: yes
configure:6427: checking for BSD- or MS-compatible name lister (nm)
configure:6481: result: /usr/bin/nm -B
configure:6611: checking the name lister (/usr/bin/nm -B) interface
configure:6618: gcc -c -g -O2  conftest.c >&5
configure:6621: /usr/bin/nm -B "conftest.o"
configure:6624: output
00000000 B some_variable
configure:6631: result: BSD nm
configure:6634: checking whether ln -s works
configure:6638: result: yes
configure:6646: checking the maximum length of command line arguments
configure:6777: result: 1572864
configure:6825: checking how to convert armv7l-unknown-linux-gnueabihf file names to armv7l-unknown-linux-gnueabihf format
configure:6865: result: func_convert_file_noop
configure:6872: checking how to convert armv7l-unknown-linux-gnueabihf file names to toolchain format
configure:6892: result: func_convert_file_noop
configure:6899: checking for /usr/bin/ld option to reload object files
configure:6906: result: -r
configure:6980: checking for objdump
configure:6996: found /usr/bin/objdump
configure:7007: result: objdump
configure:7039: checking how to recognize dependent libraries
configure:7239: result: pass_all
configure:7324: checking for dlltool
configure:7354: result: no
configure:7384: checking how to associate runtime and link libraries
configure:7411: result: printf %s\n
configure:7535: checking for archiver @FILE support
configure:7552: gcc -c -g -O2  conftest.c >&5
configure:7552: $? = 0
configure:7555: ar cru libconftest.a @conftest.lst >&5
ar: `u' modifier ignored since `D' is the default (see `U')
configure:7558: $? = 0
configure:7563: ar cru libconftest.a @conftest.lst >&5
ar: `u' modifier ignored since `D' is the default (see `U')
ar: conftest.o: No such file or directory
configure:7566: $? = 1
configure:7578: result: @
configure:7636: checking for strip
configure:7652: found /usr/bin/strip
configure:7663: result: strip
configure:7735: checking for ranlib
configure:7751: found /usr/bin/ranlib
configure:7762: result: ranlib
configure:7864: checking command to parse /usr/bin/nm -B output from gcc object
configure:8017: gcc -c -g -O2  conftest.c >&5
configure:8020: $? = 0
configure:8024: /usr/bin/nm -B conftest.o \| sed -n -e 's/^.*[ ]\([ABCDGIRSTW][ABCDGIRSTW]*\)[ ][ ]*\([_A-Za-z][_A-Za-z0-9]*\)$/\1 \2 \2/p' | sed '/ __gnu_lto/d' \> conftest.nm
configure:8027: $? = 0
configure:8093: gcc -o conftest -g -O2   conftest.c conftstm.o >&5
configure:8096: $? = 0
configure:8134: result: ok
configure:8181: checking for sysroot
configure:8211: result: no
configure:8218: checking for a working dd
configure:8256: result: /bin/dd
configure:8260: checking how to truncate binary pipes
configure:8275: result: /bin/dd bs=4096 count=1
configure:8604: checking for mt
configure:8620: found /bin/mt
configure:8631: result: mt
configure:8654: checking if mt is a manifest tool
configure:8660: mt '-?'
configure:8668: result: no
configure:9342: checking for dlfcn.h
configure:9342: gcc -c -g -O2  conftest.c >&5
configure:9342: $? = 0
configure:9342: result: yes
configure:9609: checking for objdir
configure:9624: result: .libs
configure:9888: checking if gcc supports -fno-rtti -fno-exceptions
configure:9906: gcc -c -g -O2  -fno-rtti -fno-exceptions conftest.c >&5
cc1: warning: command line option '-fno-rtti' is valid for C++/ObjC++ but not for C
configure:9910: $? = 0
configure:9923: result: no
configure:10281: checking for gcc option to produce PIC
configure:10288: result: -fPIC -DPIC
configure:10296: checking if gcc PIC flag -fPIC -DPIC works
configure:10314: gcc -c -g -O2  -fPIC -DPIC -DPIC conftest.c >&5
configure:10318: $? = 0
configure:10331: result: yes
configure:10360: checking if gcc static flag -static works
configure:10388: result: yes
configure:10403: checking if gcc supports -c -o file.o
configure:10424: gcc -c -g -O2  -o out/conftest2.o conftest.c >&5
configure:10428: $? = 0
configure:10450: result: yes
configure:10458: checking if gcc supports -c -o file.o
configure:10505: result: yes
configure:10538: checking whether the gcc linker (/usr/bin/ld) supports shared libraries
configure:11801: result: yes
configure:11838: checking whether -lc should be explicitly linked in
configure:11846: gcc -c -g -O2  conftest.c >&5
configure:11849: $? = 0
configure:11864: gcc -shared  -fPIC -DPIC conftest.o  -v -Wl,-soname -Wl,conftest -o conftest 2\>\&1 \| /bin/grep  -lc  \>/dev/null 2\>\&1
configure:11867: $? = 0
configure:11881: result: no
configure:12041: checking dynamic linker characteristics
configure:12622: gcc -o conftest -g -O2   -Wl,-rpath -Wl,/foo conftest.c  >&5
configure:12622: $? = 0
configure:12871: result: GNU/Linux ld.so
configure:12993: checking how to hardcode library paths into programs
configure:13018: result: immediate
configure:13566: checking whether stripping libraries is possible
configure:13571: result: yes
configure:13606: checking if libtool supports shared libraries
configure:13608: result: yes
configure:13611: checking whether to build shared libraries
configure:13636: result: yes
configure:13639: checking whether to build static libraries
configure:13643: result: yes
configure:13666: checking how to run the C++ preprocessor
configure:13693: g++ -E  conftest.cpp
configure:13693: $? = 0
configure:13707: g++ -E  conftest.cpp
conftest.cpp:28:28: fatal error: ac_nonexistent.h: No such file or directory
 #include <ac_nonexistent.h>
                            ^
compilation terminated.
configure:13707: $? = 1
configure: failed program was:
| /* confdefs.h */
| #define PACKAGE_NAME "libsndfile"
| #define PACKAGE_TARNAME "libsndfile"
| #define PACKAGE_VERSION "1.0.28"
| #define PACKAGE_STRING "libsndfile 1.0.28"
| #define PACKAGE_BUGREPORT "sndfile@mega-nerd.com"
| #define PACKAGE_URL "http://www.mega-nerd.com/libsndfile/"
| #define PACKAGE "libsndfile"
| #define VERSION "1.0.28"
| #define STDC_HEADERS 1
| #define HAVE_SYS_TYPES_H 1
| #define HAVE_SYS_STAT_H 1
| #define HAVE_STDLIB_H 1
| #define HAVE_STRING_H 1
| #define HAVE_MEMORY_H 1
| #define HAVE_STRINGS_H 1
| #define HAVE_INTTYPES_H 1
| #define HAVE_STDINT_H 1
| #define HAVE_UNISTD_H 1
| #define __EXTENSIONS__ 1
| #define _ALL_SOURCE 1
| #define _GNU_SOURCE 1
| #define _POSIX_PTHREAD_SEMANTICS 1
| #define _TANDEM_SOURCE 1
| #define HAVE_DLFCN_H 1
| #define LT_OBJDIR ".libs/"
| /* end confdefs.h.  */
| #include <ac_nonexistent.h>
configure:13732: result: g++ -E
configure:13752: g++ -E  conftest.cpp
configure:13752: $? = 0
configure:13766: g++ -E  conftest.cpp
conftest.cpp:28:28: fatal error: ac_nonexistent.h: No such file or directory
 #include <ac_nonexistent.h>
                            ^
compilation terminated.
configure:13766: $? = 1
configure: failed program was:
| /* confdefs.h */
| #define PACKAGE_NAME "libsndfile"
| #define PACKAGE_TARNAME "libsndfile"
| #define PACKAGE_VERSION "1.0.28"
| #define PACKAGE_STRING "libsndfile 1.0.28"
| #define PACKAGE_BUGREPORT "sndfile@mega-nerd.com"
| #define PACKAGE_URL "http://www.mega-nerd.com/libsndfile/"
| #define PACKAGE "libsndfile"
| #define VERSION "1.0.28"
| #define STDC_HEADERS 1
| #define HAVE_SYS_TYPES_H 1
| #define HAVE_SYS_STAT_H 1
| #define HAVE_STDLIB_H 1
| #define HAVE_STRING_H 1
| #define HAVE_MEMORY_H 1
| #define HAVE_STRINGS_H 1
| #define HAVE_INTTYPES_H 1
| #define HAVE_STDINT_H 1
| #define HAVE_UNISTD_H 1
| #define __EXTENSIONS__ 1
| #define _ALL_SOURCE 1
| #define _GNU_SOURCE 1
| #define _POSIX_PTHREAD_SEMANTICS 1
| #define _TANDEM_SOURCE 1
| #define HAVE_DLFCN_H 1
| #define LT_OBJDIR ".libs/"
| /* end confdefs.h.  */
| #include <ac_nonexistent.h>
configure:13928: checking for ld used by g++
configure:13995: result: /usr/bin/ld
configure:14002: checking if the linker (/usr/bin/ld) is GNU ld
configure:14017: result: yes
configure:14072: checking whether the g++ linker (/usr/bin/ld) supports shared libraries
configure:15145: result: yes
configure:15181: g++ -c -g -O2  conftest.cpp >&5
configure:15184: $? = 0
configure:15665: checking for g++ option to produce PIC
configure:15672: result: -fPIC -DPIC
configure:15680: checking if g++ PIC flag -fPIC -DPIC works
configure:15698: g++ -c -g -O2  -fPIC -DPIC -DPIC conftest.cpp >&5
configure:15702: $? = 0
configure:15715: result: yes
configure:15738: checking if g++ static flag -static works
configure:15766: result: yes
configure:15778: checking if g++ supports -c -o file.o
configure:15799: g++ -c -g -O2  -o out/conftest2.o conftest.cpp >&5
configure:15803: $? = 0
configure:15825: result: yes
configure:15830: checking if g++ supports -c -o file.o
configure:15877: result: yes
configure:15907: checking whether the g++ linker (/usr/bin/ld) supports shared libraries
configure:15950: result: yes
configure:16091: checking dynamic linker characteristics
configure:16848: result: GNU/Linux ld.so
configure:16913: checking how to hardcode library paths into programs
configure:16938: result: immediate
configure:17042: checking for windres
configure:17072: result: no
configure:17170: checking whether ln -s works
configure:17174: result: yes
configure:17184: checking for autogen
configure:17212: result: no
configure:17222: checking for wine
configure:17250: result: no
configure:17260: checking for xcode-select
configure:17288: result: no
configure:17320: checking for ANSI C header files
configure:17424: result: yes
configure:17435: checking endian.h usability
configure:17435: gcc -c -g -O2  conftest.c >&5
configure:17435: $? = 0
configure:17435: result: yes
configure:17435: checking endian.h presence
configure:17435: gcc -E  conftest.c
configure:17435: $? = 0
configure:17435: result: yes
configure:17435: checking for endian.h
configure:17435: result: yes
configure:17447: checking byteswap.h usability
configure:17447: gcc -c -g -O2  conftest.c >&5
configure:17447: $? = 0
configure:17447: result: yes
configure:17447: checking byteswap.h presence
configure:17447: gcc -E  conftest.c
configure:17447: $? = 0
configure:17447: result: yes
configure:17447: checking for byteswap.h
configure:17447: result: yes
configure:17459: checking locale.h usability
configure:17459: gcc -c -g -O2  conftest.c >&5
configure:17459: $? = 0
configure:17459: result: yes
configure:17459: checking locale.h presence
configure:17459: gcc -E  conftest.c
configure:17459: $? = 0
configure:17459: result: yes
configure:17459: checking for locale.h
configure:17459: result: yes
configure:17471: checking sys/time.h usability
configure:17471: gcc -c -g -O2  conftest.c >&5
configure:17471: $? = 0
configure:17471: result: yes
configure:17471: checking sys/time.h presence
configure:17471: gcc -E  conftest.c
configure:17471: $? = 0
configure:17471: result: yes
configure:17471: checking for sys/time.h
configure:17471: result: yes
configure:17482: checking for sys/wait.h that is POSIX.1 compatible
configure:17508: gcc -c -g -O2  conftest.c >&5
configure:17508: $? = 0
configure:17515: result: yes
configure:17524: checking whether S_IRGRP is declared
configure:17524: gcc -c -g -O2  conftest.c >&5
configure:17524: $? = 0
configure:17524: result: yes
configure:17562: checking whether the -Werror option is usable
configure:17581: gcc -c -g -O2 -Werror  conftest.c >&5
configure:17581: $? = 0
configure:17590: result: yes
configure:17592: checking for simple visibility declarations
configure:17619: gcc -c -g -O2 -fvisibility=hidden -Werror  conftest.c >&5
configure:17619: $? = 0
configure:17628: result: yes
configure:17763: checking size of wchar_t
configure:17768: gcc -o conftest -g -O2   conftest.c  >&5
configure:17768: $? = 0
configure:17768: ./conftest
configure:17768: $? = 0
configure:17782: result: 4
configure:17796: checking size of short
configure:17801: gcc -o conftest -g -O2   conftest.c  >&5
configure:17801: $? = 0
configure:17801: ./conftest
configure:17801: $? = 0
configure:17815: result: 2
configure:17829: checking size of int
configure:17834: gcc -o conftest -g -O2   conftest.c  >&5
configure:17834: $? = 0
configure:17834: ./conftest
configure:17834: $? = 0
configure:17848: result: 4
configure:17862: checking size of long
configure:17867: gcc -o conftest -g -O2   conftest.c  >&5
configure:17867: $? = 0
configure:17867: ./conftest
configure:17867: $? = 0
configure:17881: result: 4
configure:17895: checking size of float
configure:17900: gcc -o conftest -g -O2   conftest.c  >&5
configure:17900: $? = 0
configure:17900: ./conftest
configure:17900: $? = 0
configure:17914: result: 4
configure:17928: checking size of double
configure:17933: gcc -o conftest -g -O2   conftest.c  >&5
configure:17933: $? = 0
configure:17933: ./conftest
configure:17933: $? = 0
configure:17947: result: 8
configure:17961: checking size of void*
configure:17966: gcc -o conftest -g -O2   conftest.c  >&5
configure:17966: $? = 0
configure:17966: ./conftest
configure:17966: $? = 0
configure:17980: result: 4
configure:17994: checking size of size_t
configure:17999: gcc -o conftest -g -O2   conftest.c  >&5
configure:17999: $? = 0
configure:17999: ./conftest
configure:17999: $? = 0
configure:18013: result: 4
configure:18027: checking size of int64_t
configure:18032: gcc -o conftest -g -O2   conftest.c  >&5
configure:18032: $? = 0
configure:18032: ./conftest
configure:18032: $? = 0
configure:18046: result: 8
configure:18060: checking size of long long
configure:18065: gcc -o conftest -g -O2   conftest.c  >&5
configure:18065: $? = 0
configure:18065: ./conftest
configure:18065: $? = 0
configure:18079: result: 8
configure:18101: checking size of off_t
configure:18106: gcc -o conftest -g -O2   conftest.c  >&5
configure:18106: $? = 0
configure:18106: ./conftest
configure:18106: $? = 0
configure:18120: result: 4
configure:18167: checking for special C compiler options needed for large files
configure:18212: result: no
configure:18218: checking for _FILE_OFFSET_BITS value needed for large files
configure:18243: gcc -c -g -O2  conftest.c >&5
conftest.c:54:41: warning: result of '-2147483648l << 31' requires 63 bits to represent, but 'long int' only has 32 bits [-Wshift-overflow=]
 #define LARGE_OFF_T ((((off_t) 1 << 31) << 31) - 1 + (((off_t) 1 << 31) << 31))
                                         ^
conftest.c:55:23: note: in expansion of macro 'LARGE_OFF_T'
   int off_t_is_large[(LARGE_OFF_T % 2147483629 == 721
                       ^~~~~~~~~~~
conftest.c:54:73: warning: result of '-2147483648l << 31' requires 63 bits to represent, but 'long int' only has 32 bits [-Wshift-overflow=]
 #define LARGE_OFF_T ((((off_t) 1 << 31) << 31) - 1 + (((off_t) 1 << 31) << 31))
                                                                         ^
conftest.c:55:23: note: in expansion of macro 'LARGE_OFF_T'
   int off_t_is_large[(LARGE_OFF_T % 2147483629 == 721
                       ^~~~~~~~~~~
conftest.c:54:41: warning: result of '-2147483648l << 31' requires 63 bits to represent, but 'long int' only has 32 bits [-Wshift-overflow=]
 #define LARGE_OFF_T ((((off_t) 1 << 31) << 31) - 1 + (((off_t) 1 << 31) << 31))
                                         ^
conftest.c:56:13: note: in expansion of macro 'LARGE_OFF_T'
          && LARGE_OFF_T % 2147483647 == 1)
             ^~~~~~~~~~~
conftest.c:54:73: warning: result of '-2147483648l << 31' requires 63 bits to represent, but 'long int' only has 32 bits [-Wshift-overflow=]
 #define LARGE_OFF_T ((((off_t) 1 << 31) << 31) - 1 + (((off_t) 1 << 31) << 31))
                                                                         ^
conftest.c:56:13: note: in expansion of macro 'LARGE_OFF_T'
          && LARGE_OFF_T % 2147483647 == 1)
             ^~~~~~~~~~~
conftest.c:55:7: error: variably modified 'off_t_is_large' at file scope
   int off_t_is_large[(LARGE_OFF_T % 2147483629 == 721
       ^~~~~~~~~~~~~~
configure:18243: $? = 1
configure: failed program was:
| /* confdefs.h */
| #define PACKAGE_NAME "libsndfile"
| #define PACKAGE_TARNAME "libsndfile"
| #define PACKAGE_VERSION "1.0.28"
| #define PACKAGE_STRING "libsndfile 1.0.28"
| #define PACKAGE_BUGREPORT "sndfile@mega-nerd.com"
| #define PACKAGE_URL "http://www.mega-nerd.com/libsndfile/"
| #define PACKAGE "libsndfile"
| #define VERSION "1.0.28"
| #define STDC_HEADERS 1
| #define HAVE_SYS_TYPES_H 1
| #define HAVE_SYS_STAT_H 1
| #define HAVE_STDLIB_H 1
| #define HAVE_STRING_H 1
| #define HAVE_MEMORY_H 1
| #define HAVE_STRINGS_H 1
| #define HAVE_INTTYPES_H 1
| #define HAVE_STDINT_H 1
| #define HAVE_UNISTD_H 1
| #define __EXTENSIONS__ 1
| #define _ALL_SOURCE 1
| #define _GNU_SOURCE 1
| #define _POSIX_PTHREAD_SEMANTICS 1
| #define _TANDEM_SOURCE 1
| #define HAVE_DLFCN_H 1
| #define LT_OBJDIR ".libs/"
| #define STDC_HEADERS 1
| #define HAVE_ENDIAN_H 1
| #define HAVE_BYTESWAP_H 1
| #define HAVE_LOCALE_H 1
| #define HAVE_SYS_TIME_H 1
| #define HAVE_SYS_WAIT_H 1
| #define HAVE_DECL_S_IRGRP 1
| #define HAVE_DECL_S_IRGRP 1
| #define HAVE_VISIBILITY 1
| #define ENABLE_EXPERIMENTAL_CODE 0
| #define SIZEOF_WCHAR_T 4
| #define SIZEOF_SHORT 2
| #define SIZEOF_INT 4
| #define SIZEOF_LONG 4
| #define SIZEOF_FLOAT 4
| #define SIZEOF_DOUBLE 8
| #define SIZEOF_VOIDP 4
| #define SIZEOF_SIZE_T 4
| #define SIZEOF_INT64_T 8
| #define SIZEOF_LONG_LONG 8
| #define SIZEOF_OFF_T 4
| /* end confdefs.h.  */
| #include <sys/types.h>
|  /* Check that off_t can represent 2**63 - 1 correctly.
|     We can't simply define LARGE_OFF_T to be 9223372036854775807,
|     since some C++ compilers masquerading as C compilers
|     incorrectly reject 9223372036854775807.  */
| #define LARGE_OFF_T ((((off_t) 1 << 31) << 31) - 1 + (((off_t) 1 << 31) << 31))
|   int off_t_is_large[(LARGE_OFF_T % 2147483629 == 721
| 		       && LARGE_OFF_T % 2147483647 == 1)
| 		      ? 1 : -1];
| int
| main ()
| {
| 
|   ;
|   return 0;
| }
configure:18267: gcc -c -g -O2  conftest.c >&5
configure:18267: $? = 0
configure:18275: result: 64
configure:18374: checking size of off_t
configure:18379: gcc -o conftest -g -O2   conftest.c  >&5
configure:18379: $? = 0
configure:18379: ./conftest
configure:18379: $? = 0
configure:18393: result: 8
configure:18446: checking for ssize_t
configure:18446: gcc -c -g -O2  conftest.c >&5
conftest.c:49:0: warning: "SIZEOF_OFF_T" redefined
 #define SIZEOF_OFF_T 8
 
conftest.c:47:0: note: this is the location of the previous definition
 #define SIZEOF_OFF_T 4
 
configure:18446: $? = 0
configure:18446: gcc -c -g -O2  conftest.c >&5
conftest.c:49:0: warning: "SIZEOF_OFF_T" redefined
 #define SIZEOF_OFF_T 8
 
conftest.c:47:0: note: this is the location of the previous definition
 #define SIZEOF_OFF_T 4
 
conftest.c: In function 'main':
conftest.c:90:22: error: expected expression before ')' token
 if (sizeof ((ssize_t)))
                      ^
configure:18446: $? = 1
configure: failed program was:
| /* confdefs.h */
| #define PACKAGE_NAME "libsndfile"
| #define PACKAGE_TARNAME "libsndfile"
| #define PACKAGE_VERSION "1.0.28"
| #define PACKAGE_STRING "libsndfile 1.0.28"
| #define PACKAGE_BUGREPORT "sndfile@mega-nerd.com"
| #define PACKAGE_URL "http://www.mega-nerd.com/libsndfile/"
| #define PACKAGE "libsndfile"
| #define VERSION "1.0.28"
| #define STDC_HEADERS 1
| #define HAVE_SYS_TYPES_H 1
| #define HAVE_SYS_STAT_H 1
| #define HAVE_STDLIB_H 1
| #define HAVE_STRING_H 1
| #define HAVE_MEMORY_H 1
| #define HAVE_STRINGS_H 1
| #define HAVE_INTTYPES_H 1
| #define HAVE_STDINT_H 1
| #define HAVE_UNISTD_H 1
| #define __EXTENSIONS__ 1
| #define _ALL_SOURCE 1
| #define _GNU_SOURCE 1
| #define _POSIX_PTHREAD_SEMANTICS 1
| #define _TANDEM_SOURCE 1
| #define HAVE_DLFCN_H 1
| #define LT_OBJDIR ".libs/"
| #define STDC_HEADERS 1
| #define HAVE_ENDIAN_H 1
| #define HAVE_BYTESWAP_H 1
| #define HAVE_LOCALE_H 1
| #define HAVE_SYS_TIME_H 1
| #define HAVE_SYS_WAIT_H 1
| #define HAVE_DECL_S_IRGRP 1
| #define HAVE_DECL_S_IRGRP 1
| #define HAVE_VISIBILITY 1
| #define ENABLE_EXPERIMENTAL_CODE 0
| #define SIZEOF_WCHAR_T 4
| #define SIZEOF_SHORT 2
| #define SIZEOF_INT 4
| #define SIZEOF_LONG 4
| #define SIZEOF_FLOAT 4
| #define SIZEOF_DOUBLE 8
| #define SIZEOF_VOIDP 4
| #define SIZEOF_SIZE_T 4
| #define SIZEOF_INT64_T 8
| #define SIZEOF_LONG_LONG 8
| #define SIZEOF_OFF_T 4
| #define _FILE_OFFSET_BITS 64
| #define SIZEOF_OFF_T 8
| #define TYPEOF_SF_COUNT_T int64_t
| #define SIZEOF_SF_COUNT_T 8
| #define SF_COUNT_MAX 0x7FFFFFFFFFFFFFFFLL
| /* end confdefs.h.  */
| #include <stdio.h>
| #ifdef HAVE_SYS_TYPES_H
| # include <sys/types.h>
| #endif
| #ifdef HAVE_SYS_STAT_H
| # include <sys/stat.h>
| #endif
| #ifdef STDC_HEADERS
| # include <stdlib.h>
| # include <stddef.h>
| #else
| # ifdef HAVE_STDLIB_H
| #  include <stdlib.h>
| # endif
| #endif
| #ifdef HAVE_STRING_H
| # if !defined STDC_HEADERS && defined HAVE_MEMORY_H
| #  include <memory.h>
| # endif
| # include <string.h>
| #endif
| #ifdef HAVE_STRINGS_H
| # include <strings.h>
| #endif
| #ifdef HAVE_INTTYPES_H
| # include <inttypes.h>
| #endif
| #ifdef HAVE_STDINT_H
| # include <stdint.h>
| #endif
| #ifdef HAVE_UNISTD_H
| # include <unistd.h>
| #endif
| int
| main ()
| {
| if (sizeof ((ssize_t)))
| 	    return 0;
|   ;
|   return 0;
| }
configure:18446: result: yes
configure:18461: checking processor byte ordering
configure:18489: gcc -o conftest -g -O2   conftest.c  >&5
conftest.c:49:0: warning: "SIZEOF_OFF_T" redefined
 #define SIZEOF_OFF_T 8
 
conftest.c:47:0: note: this is the location of the previous definition
 #define SIZEOF_OFF_T 4
 
configure:18489: $? = 0
configure:18512: gcc -o conftest -g -O2   conftest.c  >&5
conftest.c:49:0: warning: "SIZEOF_OFF_T" redefined
 #define SIZEOF_OFF_T 8
 
conftest.c:47:0: note: this is the location of the previous definition
 #define SIZEOF_OFF_T 4
 
conftest.c:57:4: error: unknown type name 'not'
    not big endian
    ^~~
conftest.c:57:12: error: expected '=', ',', ';', 'asm' or '__attribute__' before 'endian'
    not big endian
            ^~~~~~
configure:18512: $? = 1
configure: failed program was:
| /* confdefs.h */
| #define PACKAGE_NAME "libsndfile"
| #define PACKAGE_TARNAME "libsndfile"
| #define PACKAGE_VERSION "1.0.28"
| #define PACKAGE_STRING "libsndfile 1.0.28"
| #define PACKAGE_BUGREPORT "sndfile@mega-nerd.com"
| #define PACKAGE_URL "http://www.mega-nerd.com/libsndfile/"
| #define PACKAGE "libsndfile"
| #define VERSION "1.0.28"
| #define STDC_HEADERS 1
| #define HAVE_SYS_TYPES_H 1
| #define HAVE_SYS_STAT_H 1
| #define HAVE_STDLIB_H 1
| #define HAVE_STRING_H 1
| #define HAVE_MEMORY_H 1
| #define HAVE_STRINGS_H 1
| #define HAVE_INTTYPES_H 1
| #define HAVE_STDINT_H 1
| #define HAVE_UNISTD_H 1
| #define __EXTENSIONS__ 1
| #define _ALL_SOURCE 1
| #define _GNU_SOURCE 1
| #define _POSIX_PTHREAD_SEMANTICS 1
| #define _TANDEM_SOURCE 1
| #define HAVE_DLFCN_H 1
| #define LT_OBJDIR ".libs/"
| #define STDC_HEADERS 1
| #define HAVE_ENDIAN_H 1
| #define HAVE_BYTESWAP_H 1
| #define HAVE_LOCALE_H 1
| #define HAVE_SYS_TIME_H 1
| #define HAVE_SYS_WAIT_H 1
| #define HAVE_DECL_S_IRGRP 1
| #define HAVE_DECL_S_IRGRP 1
| #define HAVE_VISIBILITY 1
| #define ENABLE_EXPERIMENTAL_CODE 0
| #define SIZEOF_WCHAR_T 4
| #define SIZEOF_SHORT 2
| #define SIZEOF_INT 4
| #define SIZEOF_LONG 4
| #define SIZEOF_FLOAT 4
| #define SIZEOF_DOUBLE 8
| #define SIZEOF_VOIDP 4
| #define SIZEOF_SIZE_T 4
| #define SIZEOF_INT64_T 8
| #define SIZEOF_LONG_LONG 8
| #define SIZEOF_OFF_T 4
| #define _FILE_OFFSET_BITS 64
| #define SIZEOF_OFF_T 8
| #define TYPEOF_SF_COUNT_T int64_t
| #define SIZEOF_SF_COUNT_T 8
| #define SF_COUNT_MAX 0x7FFFFFFFFFFFFFFFLL
| /* end confdefs.h.  */
| 
| 		#include <endian.h>
| 		#if BYTE_ORDER != BIG_ENDIAN
| 			not big endian
| 		#endif
| 
| int
| main ()
| {
| return 0 ;
|   ;
|   return 0;
| }
configure:18675: result: little
configure:18725: checking for malloc
configure:18725: gcc -o conftest -g -O2   conftest.c  >&5
conftest.c:49:0: warning: "SIZEOF_OFF_T" redefined
 #define SIZEOF_OFF_T 8
 
conftest.c:47:0: note: this is the location of the previous definition
 #define SIZEOF_OFF_T 4
 
conftest.c:80:6: warning: conflicting types for built-in function 'malloc'
 char malloc ();
      ^~~~~~
configure:18725: $? = 0
configure:18725: result: yes
configure:18725: checking for calloc
configure:18725: gcc -o conftest -g -O2   conftest.c  >&5
conftest.c:49:0: warning: "SIZEOF_OFF_T" redefined
 #define SIZEOF_OFF_T 8
 
conftest.c:47:0: note: this is the location of the previous definition
 #define SIZEOF_OFF_T 4
 
conftest.c:81:6: warning: conflicting types for built-in function 'calloc'
 char calloc ();
      ^~~~~~
configure:18725: $? = 0
configure:18725: result: yes
configure:18725: checking for realloc
configure:18725: gcc -o conftest -g -O2   conftest.c  >&5
conftest.c:49:0: warning: "SIZEOF_OFF_T" redefined
 #define SIZEOF_OFF_T 8
 
conftest.c:47:0: note: this is the location of the previous definition
 #define SIZEOF_OFF_T 4
 
conftest.c:82:6: warning: conflicting types for built-in function 'realloc'
 char realloc ();
      ^~~~~~~
configure:18725: $? = 0
configure:18725: result: yes
configure:18725: checking for free
configure:18725: gcc -o conftest -g -O2   conftest.c  >&5
conftest.c:49:0: warning: "SIZEOF_OFF_T" redefined
 #define SIZEOF_OFF_T 8
 
conftest.c:47:0: note: this is the location of the previous definition
 #define SIZEOF_OFF_T 4
 
conftest.c:83:6: warning: conflicting types for built-in function 'free'
 char free ();
      ^~~~
configure:18725: $? = 0
configure:18725: result: yes
configure:18737: checking for open
configure:18737: gcc -o conftest -g -O2   conftest.c  >&5
conftest.c:49:0: warning: "SIZEOF_OFF_T" redefined
 #define SIZEOF_OFF_T 8
 
conftest.c:47:0: note: this is the location of the previous definition
 #define SIZEOF_OFF_T 4
 
configure:18737: $? = 0
configure:18737: result: yes
configure:18737: checking for read
configure:18737: gcc -o conftest -g -O2   conftest.c  >&5
conftest.c:49:0: warning: "SIZEOF_OFF_T" redefined
 #define SIZEOF_OFF_T 8
 
conftest.c:47:0: note: this is the location of the previous definition
 #define SIZEOF_OFF_T 4
 
configure:18737: $? = 0
configure:18737: result: yes
configure:18737: checking for write
configure:18737: gcc -o conftest -g -O2   conftest.c  >&5
conftest.c:49:0: warning: "SIZEOF_OFF_T" redefined
 #define SIZEOF_OFF_T 8
 
conftest.c:47:0: note: this is the location of the previous definition
 #define SIZEOF_OFF_T 4
 
configure:18737: $? = 0
configure:18737: result: yes
configure:18737: checking for lseek
configure:18737: gcc -o conftest -g -O2   conftest.c  >&5
conftest.c:49:0: warning: "SIZEOF_OFF_T" redefined
 #define SIZEOF_OFF_T 8
 
conftest.c:47:0: note: this is the location of the previous definition
 #define SIZEOF_OFF_T 4
 
configure:18737: $? = 0
configure:18737: result: yes
configure:18737: checking for lseek64
configure:18737: gcc -o conftest -g -O2   conftest.c  >&5
conftest.c:49:0: warning: "SIZEOF_OFF_T" redefined
 #define SIZEOF_OFF_T 8
 
conftest.c:47:0: note: this is the location of the previous definition
 #define SIZEOF_OFF_T 4
 
configure:18737: $? = 0
configure:18737: result: yes
configure:18749: checking for fstat
configure:18749: gcc -o conftest -g -O2   conftest.c  >&5
conftest.c:49:0: warning: "SIZEOF_OFF_T" redefined
 #define SIZEOF_OFF_T 8
 
conftest.c:47:0: note: this is the location of the previous definition
 #define SIZEOF_OFF_T 4
 
configure:18749: $? = 0
configure:18749: result: yes
configure:18749: checking for fstat64
configure:18749: gcc -o conftest -g -O2   conftest.c  >&5
conftest.c:49:0: warning: "SIZEOF_OFF_T" redefined
 #define SIZEOF_OFF_T 8
 
conftest.c:47:0: note: this is the location of the previous definition
 #define SIZEOF_OFF_T 4
 
configure:18749: $? = 0
configure:18749: result: yes
configure:18749: checking for ftruncate
configure:18749: gcc -o conftest -g -O2   conftest.c  >&5
conftest.c:49:0: warning: "SIZEOF_OFF_T" redefined
 #define SIZEOF_OFF_T 8
 
conftest.c:47:0: note: this is the location of the previous definition
 #define SIZEOF_OFF_T 4
 
configure:18749: $? = 0
configure:18749: result: yes
configure:18749: checking for fsync
configure:18749: gcc -o conftest -g -O2   conftest.c  >&5
conftest.c:49:0: warning: "SIZEOF_OFF_T" redefined
 #define SIZEOF_OFF_T 8
 
conftest.c:47:0: note: this is the location of the previous definition
 #define SIZEOF_OFF_T 4
 
configure:18749: $? = 0
configure:18749: result: yes
configure:18761: checking for snprintf
configure:18761: gcc -o conftest -g -O2   conftest.c  >&5
conftest.c:49:0: warning: "SIZEOF_OFF_T" redefined
 #define SIZEOF_OFF_T 8
 
conftest.c:47:0: note: this is the location of the previous definition
 #define SIZEOF_OFF_T 4
 
conftest.c:93:6: warning: conflicting types for built-in function 'snprintf'
 char snprintf ();
      ^~~~~~~~
configure:18761: $? = 0
configure:18761: result: yes
configure:18761: checking for vsnprintf
configure:18761: gcc -o conftest -g -O2   conftest.c  >&5
conftest.c:49:0: warning: "SIZEOF_OFF_T" redefined
 #define SIZEOF_OFF_T 8
 
conftest.c:47:0: note: this is the location of the previous definition
 #define SIZEOF_OFF_T 4
 
conftest.c:94:6: warning: conflicting types for built-in function 'vsnprintf'
 char vsnprintf ();
      ^~~~~~~~~
configure:18761: $? = 0
configure:18761: result: yes
configure:18773: checking for gmtime
configure:18773: gcc -o conftest -g -O2   conftest.c  >&5
conftest.c:49:0: warning: "SIZEOF_OFF_T" redefined
 #define SIZEOF_OFF_T 8
 
conftest.c:47:0: note: this is the location of the previous definition
 #define SIZEOF_OFF_T 4
 
configure:18773: $? = 0
configure:18773: result: yes
configure:18773: checking for gmtime_r
configure:18773: gcc -o conftest -g -O2   conftest.c  >&5
conftest.c:49:0: warning: "SIZEOF_OFF_T" redefined
 #define SIZEOF_OFF_T 8
 
conftest.c:47:0: note: this is the location of the previous definition
 #define SIZEOF_OFF_T 4
 
configure:18773: $? = 0
configure:18773: result: yes
configure:18773: checking for localtime
configure:18773: gcc -o conftest -g -O2   conftest.c  >&5
conftest.c:49:0: warning: "SIZEOF_OFF_T" redefined
 #define SIZEOF_OFF_T 8
 
conftest.c:47:0: note: this is the location of the previous definition
 #define SIZEOF_OFF_T 4
 
configure:18773: $? = 0
configure:18773: result: yes
configure:18773: checking for localtime_r
configure:18773: gcc -o conftest -g -O2   conftest.c  >&5
conftest.c:49:0: warning: "SIZEOF_OFF_T" redefined
 #define SIZEOF_OFF_T 8
 
conftest.c:47:0: note: this is the location of the previous definition
 #define SIZEOF_OFF_T 4
 
configure:18773: $? = 0
configure:18773: result: yes
configure:18773: checking for gettimeofday
configure:18773: gcc -o conftest -g -O2   conftest.c  >&5
conftest.c:49:0: warning: "SIZEOF_OFF_T" redefined
 #define SIZEOF_OFF_T 8
 
conftest.c:47:0: note: this is the location of the previous definition
 #define SIZEOF_OFF_T 4
 
configure:18773: $? = 0
configure:18773: result: yes
configure:18785: checking for mmap
configure:18785: gcc -o conftest -g -O2   conftest.c  >&5
conftest.c:49:0: warning: "SIZEOF_OFF_T" redefined
 #define SIZEOF_OFF_T 8
 
conftest.c:47:0: note: this is the location of the previous definition
 #define SIZEOF_OFF_T 4
 
configure:18785: $? = 0
configure:18785: result: yes
configure:18785: checking for getpagesize
configure:18785: gcc -o conftest -g -O2   conftest.c  >&5
conftest.c:49:0: warning: "SIZEOF_OFF_T" redefined
 #define SIZEOF_OFF_T 8
 
conftest.c:47:0: note: this is the location of the previous definition
 #define SIZEOF_OFF_T 4
 
configure:18785: $? = 0
configure:18785: result: yes
configure:18796: checking for setlocale
configure:18796: gcc -o conftest -g -O2   conftest.c  >&5
conftest.c:49:0: warning: "SIZEOF_OFF_T" redefined
 #define SIZEOF_OFF_T 8
 
conftest.c:47:0: note: this is the location of the previous definition
 #define SIZEOF_OFF_T 4
 
configure:18796: $? = 0
configure:18796: result: yes
configure:18808: checking for pipe
configure:18808: gcc -o conftest -g -O2   conftest.c  >&5
conftest.c:49:0: warning: "SIZEOF_OFF_T" redefined
 #define SIZEOF_OFF_T 8
 
conftest.c:47:0: note: this is the location of the previous definition
 #define SIZEOF_OFF_T 4
 
configure:18808: $? = 0
configure:18808: result: yes
configure:18808: checking for waitpid
configure:18808: gcc -o conftest -g -O2   conftest.c  >&5
conftest.c:49:0: warning: "SIZEOF_OFF_T" redefined
 #define SIZEOF_OFF_T 8
 
conftest.c:47:0: note: this is the location of the previous definition
 #define SIZEOF_OFF_T 4
 
configure:18808: $? = 0
configure:18808: result: yes
configure:18818: checking for floor in -lm
configure:18843: gcc -o conftest -g -O2   conftest.c -lm   >&5
conftest.c:49:0: warning: "SIZEOF_OFF_T" redefined
 #define SIZEOF_OFF_T 8
 
conftest.c:47:0: note: this is the location of the previous definition
 #define SIZEOF_OFF_T 4
 
conftest.c:89:6: warning: conflicting types for built-in function 'floor'
 char floor ();
      ^~~~~
configure:18843: $? = 0
configure:18852: result: yes
configure:18866: checking for floor
configure:18866: gcc -o conftest -g -O2   conftest.c -lm  >&5
conftest.c:49:0: warning: "SIZEOF_OFF_T" redefined
 #define SIZEOF_OFF_T 8
 
conftest.c:47:0: note: this is the location of the previous definition
 #define SIZEOF_OFF_T 4
 
conftest.c:106:6: warning: conflicting types for built-in function 'floor'
 char floor ();
      ^~~~~
configure:18866: $? = 0
configure:18866: result: yes
configure:18866: checking for ceil
configure:18866: gcc -o conftest -g -O2   conftest.c -lm  >&5
conftest.c:49:0: warning: "SIZEOF_OFF_T" redefined
 #define SIZEOF_OFF_T 8
 
conftest.c:47:0: note: this is the location of the previous definition
 #define SIZEOF_OFF_T 4
 
conftest.c:107:6: warning: conflicting types for built-in function 'ceil'
 char ceil ();
      ^~~~
configure:18866: $? = 0
configure:18866: result: yes
configure:18866: checking for fmod
configure:18866: gcc -o conftest -g -O2   conftest.c -lm  >&5
conftest.c:49:0: warning: "SIZEOF_OFF_T" redefined
 #define SIZEOF_OFF_T 8
 
conftest.c:47:0: note: this is the location of the previous definition
 #define SIZEOF_OFF_T 4
 
conftest.c:108:6: warning: conflicting types for built-in function 'fmod'
 char fmod ();
      ^~~~
configure:18866: $? = 0
configure:18866: result: yes
configure:18866: checking for lround
configure:18866: gcc -o conftest -g -O2   conftest.c -lm  >&5
conftest.c:49:0: warning: "SIZEOF_OFF_T" redefined
 #define SIZEOF_OFF_T 8
 
conftest.c:47:0: note: this is the location of the previous definition
 #define SIZEOF_OFF_T 4
 
conftest.c:109:6: warning: conflicting types for built-in function 'lround'
 char lround ();
      ^~~~~~
configure:18866: $? = 0
configure:18866: result: yes
configure:18876: checking for lrint
configure:18902: gcc -o conftest -lm   conftest.c -lm  >&5
conftest.c:49:0: warning: "SIZEOF_OFF_T" redefined
 #define SIZEOF_OFF_T 8
 
conftest.c:47:0: note: this is the location of the previous definition
 #define SIZEOF_OFF_T 4
 
configure:18902: $? = 0
configure:18914: result: yes
configure:18923: checking for lrintf
configure:18949: gcc -o conftest -lm   conftest.c -lm  >&5
conftest.c:49:0: warning: "SIZEOF_OFF_T" redefined
 #define SIZEOF_OFF_T 8
 
conftest.c:47:0: note: this is the location of the previous definition
 #define SIZEOF_OFF_T 4
 
configure:18949: $? = 0
configure:18961: result: yes
configure:19002: checking for octave
configure:19030: result: no
configure:19069: checking for mkoctfile
configure:19097: result: no
configure:19133: checking for octave-config
configure:19161: result: no
configure:19308: checking for pkg-config
configure:19326: found /usr/bin/pkg-config
configure:19338: result: /usr/bin/pkg-config
configure:19363: checking pkg-config is at least version 0.9.0
configure:19366: result: yes
configure:19397: checking for flac >= 1.3.1 
configure:19404: $PKG_CONFIG --exists --print-errors "flac >= 1.3.1"
Package flac was not found in the pkg-config search path.
Perhaps you should add the directory containing `flac.pc'
to the PKG_CONFIG_PATH environment variable
No package 'flac' found
configure:19407: $? = 1
configure:19421: $PKG_CONFIG --exists --print-errors "flac >= 1.3.1"
Package flac was not found in the pkg-config search path.
Perhaps you should add the directory containing `flac.pc'
to the PKG_CONFIG_PATH environment variable
No package 'flac' found
configure:19424: $? = 1
configure:19455: gcc -o conftest -g -O2    conftest.c -lm   >&5
conftest.c:49:0: warning: "SIZEOF_OFF_T" redefined
 #define SIZEOF_OFF_T 8
 
conftest.c:47:0: note: this is the location of the previous definition
 #define SIZEOF_OFF_T 4
 
conftest.c: In function 'main':
conftest.c:93:1: warning: implicit declaration of function 'puts' [-Wimplicit-function-declaration]
 puts ("");
 ^~~~
configure:19455: $? = 0
No package 'flac' found
configure:19488: result: no
configure:19506: checking for ogg >= 1.1.3 
configure:19513: $PKG_CONFIG --exists --print-errors "ogg >= 1.1.3"
Package ogg was not found in the pkg-config search path.
Perhaps you should add the directory containing `ogg.pc'
to the PKG_CONFIG_PATH environment variable
No package 'ogg' found
configure:19516: $? = 1
configure:19530: $PKG_CONFIG --exists --print-errors "ogg >= 1.1.3"
Package ogg was not found in the pkg-config search path.
Perhaps you should add the directory containing `ogg.pc'
to the PKG_CONFIG_PATH environment variable
No package 'ogg' found
configure:19533: $? = 1
configure:19564: gcc -o conftest -g -O2    conftest.c -lm   >&5
conftest.c:49:0: warning: "SIZEOF_OFF_T" redefined
 #define SIZEOF_OFF_T 8
 
conftest.c:47:0: note: this is the location of the previous definition
 #define SIZEOF_OFF_T 4
 
conftest.c: In function 'main':
conftest.c:93:1: warning: implicit declaration of function 'puts' [-Wimplicit-function-declaration]
 puts ("");
 ^~~~
configure:19564: $? = 0
No package 'ogg' found
configure:19597: result: no
configure:19726: checking for vorbis >= 1.2.3 
configure:19733: $PKG_CONFIG --exists --print-errors "vorbis >= 1.2.3"
Package vorbis was not found in the pkg-config search path.
Perhaps you should add the directory containing `vorbis.pc'
to the PKG_CONFIG_PATH environment variable
No package 'vorbis' found
configure:19736: $? = 1
configure:19750: $PKG_CONFIG --exists --print-errors "vorbis >= 1.2.3"
Package vorbis was not found in the pkg-config search path.
Perhaps you should add the directory containing `vorbis.pc'
to the PKG_CONFIG_PATH environment variable
No package 'vorbis' found
configure:19753: $? = 1
configure:19784: gcc -o conftest -g -O2    conftest.c -lm   >&5
conftest.c:49:0: warning: "SIZEOF_OFF_T" redefined
 #define SIZEOF_OFF_T 8
 
conftest.c:47:0: note: this is the location of the previous definition
 #define SIZEOF_OFF_T 4
 
conftest.c: In function 'main':
conftest.c:93:1: warning: implicit declaration of function 'puts' [-Wimplicit-function-declaration]
 puts ("");
 ^~~~
configure:19784: $? = 0
No package 'vorbis' found
configure:19817: result: no
configure:19831: checking for vorbisenc >= 1.2.3 
configure:19838: $PKG_CONFIG --exists --print-errors "vorbisenc >= 1.2.3"
Package vorbisenc was not found in the pkg-config search path.
Perhaps you should add the directory containing `vorbisenc.pc'
to the PKG_CONFIG_PATH environment variable
No package 'vorbisenc' found
configure:19841: $? = 1
configure:19855: $PKG_CONFIG --exists --print-errors "vorbisenc >= 1.2.3"
Package vorbisenc was not found in the pkg-config search path.
Perhaps you should add the directory containing `vorbisenc.pc'
to the PKG_CONFIG_PATH environment variable
No package 'vorbisenc' found
configure:19858: $? = 1
configure:19889: gcc -o conftest -g -O2    conftest.c -lm   >&5
conftest.c:49:0: warning: "SIZEOF_OFF_T" redefined
 #define SIZEOF_OFF_T 8
 
conftest.c:47:0: note: this is the location of the previous definition
 #define SIZEOF_OFF_T 4
 
conftest.c: In function 'main':
conftest.c:93:1: warning: implicit declaration of function 'puts' [-Wimplicit-function-declaration]
 puts ("");
 ^~~~
configure:19889: $? = 0
No package 'vorbisenc' found
configure:19922: result: no
configure:19945: WARNING: *** One or more of the external libraries (ie libflac, libogg and
configure:19947: WARNING: *** libvorbis) is either missing (possibly only the development
configure:19949: WARNING: *** headers) or is of an unsupported version.
configure:19951: WARNING: ***
configure:19953: WARNING: *** Unfortunately, for ease of maintenance, the external libs
configure:19955: WARNING: *** are an all or nothing affair.
configure:19975: checking for sqlite3 >= 3.2 
configure:19982: $PKG_CONFIG --exists --print-errors "sqlite3 >= 3.2"
Package sqlite3 was not found in the pkg-config search path.
Perhaps you should add the directory containing `sqlite3.pc'
to the PKG_CONFIG_PATH environment variable
No package 'sqlite3' found
configure:19985: $? = 1
configure:19999: $PKG_CONFIG --exists --print-errors "sqlite3 >= 3.2"
Package sqlite3 was not found in the pkg-config search path.
Perhaps you should add the directory containing `sqlite3.pc'
to the PKG_CONFIG_PATH environment variable
No package 'sqlite3' found
configure:20002: $? = 1
configure:20033: gcc -o conftest -g -O2    conftest.c -lm   >&5
conftest.c:49:0: warning: "SIZEOF_OFF_T" redefined
 #define SIZEOF_OFF_T 8
 
conftest.c:47:0: note: this is the location of the previous definition
 #define SIZEOF_OFF_T 4
 
conftest.c: In function 'main':
conftest.c:94:1: warning: implicit declaration of function 'puts' [-Wimplicit-function-declaration]
 puts ("");
 ^~~~
configure:20033: $? = 0
No package 'sqlite3' found
configure:20066: result: no
configure:20104: checking processor clipping capabilities
configure:20144: gcc -o conftest -g -O2   conftest.c -lm  >&5
conftest.c:49:0: warning: "SIZEOF_OFF_T" redefined
 #define SIZEOF_OFF_T 8
 
conftest.c:47:0: note: this is the location of the previous definition
 #define SIZEOF_OFF_T 4
 
configure:20144: $? = 0
configure:20144: ./conftest
configure:20144: $? = 0
configure:20183: gcc -o conftest -g -O2   conftest.c -lm  >&5
conftest.c:49:0: warning: "SIZEOF_OFF_T" redefined
 #define SIZEOF_OFF_T 8
 
conftest.c:47:0: note: this is the location of the previous definition
 #define SIZEOF_OFF_T 4
 
configure:20183: $? = 0
configure:20183: ./conftest
configure:20183: $? = 0
configure:20225: result: both
configure:20306: checking alsa/asoundlib.h usability
configure:20306: gcc -c -g -O2  conftest.c >&5
conftest.c:49:0: warning: "SIZEOF_OFF_T" redefined
 #define SIZEOF_OFF_T 8
 
conftest.c:47:0: note: this is the location of the previous definition
 #define SIZEOF_OFF_T 4
 
configure:20306: $? = 0
configure:20306: result: yes
configure:20306: checking alsa/asoundlib.h presence
configure:20306: gcc -E  conftest.c
conftest.c:49:0: warning: "SIZEOF_OFF_T" redefined
 #define SIZEOF_OFF_T 8
 
conftest.c:47:0: note: this is the location of the previous definition
 #define SIZEOF_OFF_T 4
 
configure:20306: $? = 0
configure:20306: result: yes
configure:20306: checking for alsa/asoundlib.h
configure:20306: result: yes
configure:20396: WARNING: Touching files in directory tests/.
configure:20419: checking if gcc accepts -std=gnu99
configure:20436: gcc -o conftest -std=gnu99   conftest.c -lm  >&5
conftest.c:49:0: warning: "SIZEOF_OFF_T" redefined
 #define SIZEOF_OFF_T 8
 
conftest.c:47:0: note: this is the location of the previous definition
 #define SIZEOF_OFF_T 4
 
configure:20436: $? = 0
configure:20437: result: yes
configure:20453: checking for version of gcc
configure:20456: result: 6.3.0
configure:20517: checking if gcc accepts -Wextra
configure:20534: gcc -o conftest -Wextra   conftest.c -lm  >&5
conftest.c:49:0: warning: "SIZEOF_OFF_T" redefined
 #define SIZEOF_OFF_T 8
 
conftest.c:47:0: note: this is the location of the previous definition
 #define SIZEOF_OFF_T 4
 
configure:20534: $? = 0
configure:20535: result: yes
configure:20547: checking if gcc accepts -Wdeclaration-after-statement
configure:20564: gcc -o conftest -Wdeclaration-after-statement   conftest.c -lm  >&5
conftest.c:49:0: warning: "SIZEOF_OFF_T" redefined
 #define SIZEOF_OFF_T 8
 
conftest.c:47:0: note: this is the location of the previous definition
 #define SIZEOF_OFF_T 4
 
configure:20564: $? = 0
configure:20565: result: yes
configure:20577: checking if gcc accepts -Wpointer-arith
configure:20594: gcc -o conftest -Wpointer-arith   conftest.c -lm  >&5
conftest.c:49:0: warning: "SIZEOF_OFF_T" redefined
 #define SIZEOF_OFF_T 8
 
conftest.c:47:0: note: this is the location of the previous definition
 #define SIZEOF_OFF_T 4
 
configure:20594: $? = 0
configure:20595: result: yes
configure:20614: checking if g++ accepts -Wextra
configure:20632: g++ -o conftest -Wextra   conftest.cpp -lm  >&5
conftest.cpp:49:0: warning: "SIZEOF_OFF_T" redefined
 #define SIZEOF_OFF_T 8
 
conftest.cpp:47:0: note: this is the location of the previous definition
 #define SIZEOF_OFF_T 4
 
configure:20632: $? = 0
configure:20633: result: yes
configure:20645: checking if g++ accepts -Wpointer-arith
configure:20663: g++ -o conftest -Wpointer-arith   conftest.cpp -lm  >&5
conftest.cpp:49:0: warning: "SIZEOF_OFF_T" redefined
 #define SIZEOF_OFF_T 8
 
conftest.cpp:47:0: note: this is the location of the previous definition
 #define SIZEOF_OFF_T 4
 
configure:20663: $? = 0
configure:20664: result: yes
configure:20796: checking whether to add -D_FORTIFY_SOURCE=2 to CPPFLAGS
configure:20812: gcc -o conftest -g -O2 -std=gnu99 -Wall -Wextra -Wdeclaration-after-statement -Wpointer-arith   conftest.c -lm  >&5
conftest.c:49:0: warning: "SIZEOF_OFF_T" redefined
 #define SIZEOF_OFF_T 8
 
conftest.c:47:0: note: this is the location of the previous definition
 #define SIZEOF_OFF_T 4
 
configure:20812: $? = 0
configure:20814: result: yes
configure:21128: checking that generated files are newer than configure
configure:21134: result: done
configure:21193: creating ./config.status

## ---------------------- ##
## Running config.status. ##
## ---------------------- ##

This file was extended by libsndfile config.status 1.0.28, which was
generated by GNU Autoconf 2.69.  Invocation command line was

  CONFIG_FILES    = 
  CONFIG_HEADERS  = 
  CONFIG_LINKS    = 
  CONFIG_COMMANDS = 
  $ ./config.status 

on raspberrypi

config.status:1370: creating src/Makefile
config.status:1370: creating man/Makefile
config.status:1370: creating examples/Makefile
config.status:1370: creating tests/Makefile
config.status:1370: creating regtest/Makefile
config.status:1370: creating M4/Makefile
config.status:1370: creating doc/Makefile
config.status:1370: creating Win32/Makefile
config.status:1370: creating Octave/Makefile
config.status:1370: creating programs/Makefile
config.status:1370: creating Makefile
config.status:1370: creating src/version-metadata.rc
config.status:1370: creating tests/test_wrapper.sh
config.status:1370: creating tests/pedantic-header-test.sh
config.status:1370: creating doc/libsndfile.css
config.status:1370: creating Scripts/build-test-tarball.mk
config.status:1370: creating libsndfile.spec
config.status:1370: creating sndfile.pc
config.status:1370: creating src/sndfile.h
config.status:1370: creating echo-install-dirs
config.status:1370: creating src/config.h
config.status:1551: src/config.h is unchanged
config.status:1599: executing depfiles commands
config.status:1599: executing libtool commands
configure:23879: result:
-=-=-=-=-=-=-=-=-=-= Configuration Complete =-=-=-=-=-=-=-=-=-=-

  Configuration summary :

    libsndfile version : .................. 1.0.28

    Host CPU : ............................ armv7l
    Host Vendor : ......................... unknown
    Host OS : ............................. linux-gnueabihf

    Experimental code : ................... no
    Using ALSA in example programs : ...... yes
    External FLAC/Ogg/Vorbis : ............ no


## ---------------- ##
## Cache variables. ##
## ---------------- ##

ac_cv_build=armv7l-unknown-linux-gnueabihf
ac_cv_c99_lrint=yes
ac_cv_c99_lrintf=yes
ac_cv_c_big_endian=0
ac_cv_c_byte_order=little
ac_cv_c_clip_negative=1
ac_cv_c_clip_positive=1
ac_cv_c_clip_type=both
ac_cv_c_compiler_gnu=yes
ac_cv_c_little_endian=1
ac_cv_cxx_compiler_gnu=yes
ac_cv_env_CCC_set=
ac_cv_env_CCC_value=
ac_cv_env_CC_set=
ac_cv_env_CC_value=
ac_cv_env_CFLAGS_set=
ac_cv_env_CFLAGS_value=
ac_cv_env_CPPFLAGS_set=
ac_cv_env_CPPFLAGS_value=
ac_cv_env_CPP_set=
ac_cv_env_CPP_value=
ac_cv_env_CXXCPP_set=
ac_cv_env_CXXCPP_value=
ac_cv_env_CXXFLAGS_set=
ac_cv_env_CXXFLAGS_value=
ac_cv_env_CXX_set=
ac_cv_env_CXX_value=
ac_cv_env_FLAC_CFLAGS_set=
ac_cv_env_FLAC_CFLAGS_value=
ac_cv_env_FLAC_LIBS_set=
ac_cv_env_FLAC_LIBS_value=
ac_cv_env_LDFLAGS_set=
ac_cv_env_LDFLAGS_value=
ac_cv_env_LIBS_set=
ac_cv_env_LIBS_value=
ac_cv_env_LT_SYS_LIBRARY_PATH_set=
ac_cv_env_LT_SYS_LIBRARY_PATH_value=
ac_cv_env_OGG_CFLAGS_set=
ac_cv_env_OGG_CFLAGS_value=
ac_cv_env_OGG_LIBS_set=
ac_cv_env_OGG_LIBS_value=
ac_cv_env_PKG_CONFIG_LIBDIR_set=
ac_cv_env_PKG_CONFIG_LIBDIR_value=
ac_cv_env_PKG_CONFIG_PATH_set=
ac_cv_env_PKG_CONFIG_PATH_value=
ac_cv_env_PKG_CONFIG_set=
ac_cv_env_PKG_CONFIG_value=
ac_cv_env_SPEEX_CFLAGS_set=
ac_cv_env_SPEEX_CFLAGS_value=
ac_cv_env_SPEEX_LIBS_set=
ac_cv_env_SPEEX_LIBS_value=
ac_cv_env_SQLITE3_CFLAGS_set=
ac_cv_env_SQLITE3_CFLAGS_value=
ac_cv_env_SQLITE3_LIBS_set=
ac_cv_env_SQLITE3_LIBS_value=
ac_cv_env_VORBISENC_CFLAGS_set=
ac_cv_env_VORBISENC_CFLAGS_value=
ac_cv_env_VORBISENC_LIBS_set=
ac_cv_env_VORBISENC_LIBS_value=
ac_cv_env_VORBIS_CFLAGS_set=
ac_cv_env_VORBIS_CFLAGS_value=
ac_cv_env_VORBIS_LIBS_set=
ac_cv_env_VORBIS_LIBS_value=
ac_cv_env_build_alias_set=
ac_cv_env_build_alias_value=
ac_cv_env_host_alias_set=
ac_cv_env_host_alias_value=
ac_cv_env_target_alias_set=
ac_cv_env_target_alias_value=
ac_cv_flac=no
ac_cv_func_calloc=yes
ac_cv_func_ceil=yes
ac_cv_func_floor=yes
ac_cv_func_fmod=yes
ac_cv_func_free=yes
ac_cv_func_fstat64=yes
ac_cv_func_fstat=yes
ac_cv_func_fsync=yes
ac_cv_func_ftruncate=yes
ac_cv_func_getpagesize=yes
ac_cv_func_gettimeofday=yes
ac_cv_func_gmtime=yes
ac_cv_func_gmtime_r=yes
ac_cv_func_localtime=yes
ac_cv_func_localtime_r=yes
ac_cv_func_lround=yes
ac_cv_func_lseek64=yes
ac_cv_func_lseek=yes
ac_cv_func_malloc=yes
ac_cv_func_mmap=yes
ac_cv_func_open=yes
ac_cv_func_pipe=yes
ac_cv_func_read=yes
ac_cv_func_realloc=yes
ac_cv_func_setlocale=yes
ac_cv_func_snprintf=yes
ac_cv_func_vsnprintf=yes
ac_cv_func_waitpid=yes
ac_cv_func_write=yes
ac_cv_have_decl_S_IRGRP=yes
ac_cv_header_alsa_asoundlib_h=yes
ac_cv_header_byteswap_h=yes
ac_cv_header_dlfcn_h=yes
ac_cv_header_endian_h=yes
ac_cv_header_inttypes_h=yes
ac_cv_header_locale_h=yes
ac_cv_header_memory_h=yes
ac_cv_header_minix_config_h=no
ac_cv_header_stdc=yes
ac_cv_header_stdint_h=yes
ac_cv_header_stdlib_h=yes
ac_cv_header_string_h=yes
ac_cv_header_strings_h=yes
ac_cv_header_sys_stat_h=yes
ac_cv_header_sys_time_h=yes
ac_cv_header_sys_types_h=yes
ac_cv_header_sys_wait_h=yes
ac_cv_header_unistd_h=yes
ac_cv_host=armv7l-unknown-linux-gnueabihf
ac_cv_lib_m_floor=yes
ac_cv_objext=o
ac_cv_ogg=no
ac_cv_path_EGREP='/bin/grep -E'
ac_cv_path_FGREP='/bin/grep -F'
ac_cv_path_GREP=/bin/grep
ac_cv_path_SED=/bin/sed
ac_cv_path_ac_pt_PKG_CONFIG=/usr/bin/pkg-config
ac_cv_path_install='/usr/bin/install -c'
ac_cv_path_lt_DD=/bin/dd
ac_cv_path_mkdir=/bin/mkdir
ac_cv_prog_AWK=mawk
ac_cv_prog_CPP='gcc -E'
ac_cv_prog_CXXCPP='g++ -E'
ac_cv_prog_HAVE_AUTOGEN=no
ac_cv_prog_HAVE_MKOCTFILE=no
ac_cv_prog_HAVE_OCTAVE=no
ac_cv_prog_HAVE_OCTAVE_CONFIG=no
ac_cv_prog_HAVE_WINE=no
ac_cv_prog_HAVE_XCODE_SELECT=no
ac_cv_prog_ac_ct_AR=ar
ac_cv_prog_ac_ct_CC=gcc
ac_cv_prog_ac_ct_CXX=g++
ac_cv_prog_ac_ct_MANIFEST_TOOL=mt
ac_cv_prog_ac_ct_OBJDUMP=objdump
ac_cv_prog_ac_ct_RANLIB=ranlib
ac_cv_prog_ac_ct_STRIP=strip
ac_cv_prog_cc_c89=
ac_cv_prog_cc_c99=
ac_cv_prog_cc_g=yes
ac_cv_prog_cc_stdc=
ac_cv_prog_cxx_g=yes
ac_cv_prog_make_make_set=yes
ac_cv_safe_to_define___extensions__=yes
ac_cv_sizeof_double=8
ac_cv_sizeof_float=4
ac_cv_sizeof_int64_t=8
ac_cv_sizeof_int=4
ac_cv_sizeof_long=4
ac_cv_sizeof_long_long=8
ac_cv_sizeof_off_t=8
ac_cv_sizeof_short=2
ac_cv_sizeof_size_t=4
ac_cv_sizeof_voidp=4
ac_cv_sizeof_wchar_t=4
ac_cv_sqlite3=no
ac_cv_sys_file_offset_bits=64
ac_cv_sys_largefile_CC=no
ac_cv_target=armv7l-unknown-linux-gnueabihf
ac_cv_type_ssize_t=yes
ac_cv_vorbis=no
ac_cv_vorbisenc=no
am_cv_CC_dependencies_compiler_type=gcc3
am_cv_CXX_dependencies_compiler_type=gcc3
am_cv_ar_interface=ar
am_cv_make_support_nested_variables=yes
am_cv_prog_cc_c_o=yes
gl_cv_cc_vis_werror=yes
gl_cv_cc_visibility=yes
lt_cv_ar_at_file=@
lt_cv_archive_cmds_need_lc=no
lt_cv_deplibs_check_method=pass_all
lt_cv_file_magic_cmd='$MAGIC_CMD'
lt_cv_file_magic_test_file=
lt_cv_ld_reload_flag=-r
lt_cv_nm_interface='BSD nm'
lt_cv_objdir=.libs
lt_cv_path_LD=/usr/bin/ld
lt_cv_path_LDCXX=/usr/bin/ld
lt_cv_path_NM='/usr/bin/nm -B'
lt_cv_path_mainfest_tool=no
lt_cv_prog_compiler_c_o=yes
lt_cv_prog_compiler_c_o_CXX=yes
lt_cv_prog_compiler_c_o_RC=yes
lt_cv_prog_compiler_pic='-fPIC -DPIC'
lt_cv_prog_compiler_pic_CXX='-fPIC -DPIC'
lt_cv_prog_compiler_pic_works=yes
lt_cv_prog_compiler_pic_works_CXX=yes
lt_cv_prog_compiler_rtti_exceptions=no
lt_cv_prog_compiler_static_works=yes
lt_cv_prog_compiler_static_works_CXX=yes
lt_cv_prog_gnu_ld=yes
lt_cv_prog_gnu_ldcxx=yes
lt_cv_sharedlib_from_linklib_cmd='printf %s\n'
lt_cv_shlibpath_overrides_runpath=no
lt_cv_sys_global_symbol_pipe='sed -n -e '\''s/^.*[	 ]\([ABCDGIRSTW][ABCDGIRSTW]*\)[	 ][	 ]*\([_A-Za-z][_A-Za-z0-9]*\)$/\1 \2 \2/p'\'' | sed '\''/ __gnu_lto/d'\'''
lt_cv_sys_global_symbol_to_c_name_address='sed -n -e '\''s/^: \(.*\) .*$/  {"\1", (void *) 0},/p'\'' -e '\''s/^[ABCDGIRSTW][ABCDGIRSTW]* .* \(.*\)$/  {"\1", (void *) \&\1},/p'\'''
lt_cv_sys_global_symbol_to_c_name_address_lib_prefix='sed -n -e '\''s/^: \(.*\) .*$/  {"\1", (void *) 0},/p'\'' -e '\''s/^[ABCDGIRSTW][ABCDGIRSTW]* .* \(lib.*\)$/  {"\1", (void *) \&\1},/p'\'' -e '\''s/^[ABCDGIRSTW][ABCDGIRSTW]* .* \(.*\)$/  {"lib\1", (void *) \&\1},/p'\'''
lt_cv_sys_global_symbol_to_cdecl='sed -n -e '\''s/^T .* \(.*\)$/extern int \1();/p'\'' -e '\''s/^[ABCDGIRSTW][ABCDGIRSTW]* .* \(.*\)$/extern char \1;/p'\'''
lt_cv_sys_global_symbol_to_import=
lt_cv_sys_max_cmd_len=1572864
lt_cv_to_host_file_cmd=func_convert_file_noop
lt_cv_to_tool_file_cmd=func_convert_file_noop
lt_cv_truncate_bin='/bin/dd bs=4096 count=1'
mn_cv_c_compiler_clang=no

## ----------------- ##
## Output variables. ##
## ----------------- ##

ACLOCAL='${SHELL} /home/pi/Repositories/thirdparty/libsndfile/Cfg/missing aclocal-1.15'
ALSA_LIBS='-lasound'
AMDEPBACKSLASH='\'
AMDEP_FALSE='#'
AMDEP_TRUE=''
AMTAR='$${TAR-tar}'
AM_BACKSLASH='\'
AM_DEFAULT_V='$(AM_DEFAULT_VERBOSITY)'
AM_DEFAULT_VERBOSITY='0'
AM_V='$(V)'
AR='ar'
AUTOCONF='${SHELL} /home/pi/Repositories/thirdparty/libsndfile/Cfg/missing autoconf'
AUTOHEADER='${SHELL} /home/pi/Repositories/thirdparty/libsndfile/Cfg/missing autoheader'
AUTOMAKE='${SHELL} /home/pi/Repositories/thirdparty/libsndfile/Cfg/missing automake-1.15'
AWK='mawk'
BUILD_OCTAVE_MOD_FALSE=''
BUILD_OCTAVE_MOD_TRUE='#'
CC='gcc'
CCDEPMODE='depmode=gcc3'
CFLAGS='-g -O2 -std=gnu99 -Wall -Wextra -Wdeclaration-after-statement -Wpointer-arith     -Wcast-align -Wcast-qual -Wshadow -Wwrite-strings -Wundef -Wuninitialized -Winit-self -Wbad-function-cast -Wnested-externs -Wstrict-prototypes -Wmissing-prototypes -Wmissing-declarations -Waggregate-return -Wvla -pipe '
CFLAG_VISIBILITY='-fvisibility=hidden'
CLEAN_VERSION='1.0.28'
CPP='gcc -E'
CPPFLAGS=' -D_FORTIFY_SOURCE=2'
CXX='g++'
CXXCPP='g++ -E'
CXXDEPMODE='depmode=gcc3'
CXXFLAGS='-g -O2 -Wall -Wextra -Wpointer-arith -Wcast-align -Wcast-qual -Wshadow -Wwrite-strings -Wundef -Wuninitialized -Winit-self -Wctor-dtor-privacy -Wnon-virtual-dtor -Woverloaded-virtual -Wreorder -Wsign-promo'
CYGPATH_W='echo'
DEFS='-DHAVE_CONFIG_H'
DEPDIR='.deps'
DLLTOOL='false'
DSYMUTIL=''
DUMPBIN=''
ECHO_C=''
ECHO_N='-n'
ECHO_T=''
EGREP='/bin/grep -E'
ENABLE_TEST_COVERAGE_FALSE=''
ENABLE_TEST_COVERAGE_TRUE='#'
EXEEXT=''
EXTERNAL_XIPH_CFLAGS=''
EXTERNAL_XIPH_LIBS=''
FGREP='/bin/grep -F'
FLAC_CFLAGS=''
FLAC_LIBS=''
FULL_SUITE_FALSE='#'
FULL_SUITE_TRUE=''
GCC_MAJOR_VERSION='6'
GCC_MINOR_VERSION='3'
GCC_VERSION='6.3.0'
GREP='/bin/grep'
HAVE_AUTOGEN='no'
HAVE_EXTERNAL_XIPH_LIBS='0'
HAVE_MKOCTFILE='no'
HAVE_OCTAVE='no'
HAVE_OCTAVE_CONFIG='no'
HAVE_SQLITE3_FALSE=''
HAVE_SQLITE3_TRUE='#'
HAVE_VISIBILITY='1'
HAVE_WINE='no'
HAVE_XCODE_SELECT='no'
HOST_TRIPLET='armv7l-unknown-linux-gnueabihf'
HTML_BGCOLOUR='black'
HTML_FGCOLOUR='white'
INSTALL_DATA='${INSTALL} -m 644'
INSTALL_PROGRAM='${INSTALL}'
INSTALL_SCRIPT='${INSTALL}'
INSTALL_STRIP_PROGRAM='$(install_sh) -c -s'
LD='/usr/bin/ld'
LDFLAGS=''
LIBOBJS=''
LIBS='-lm '
LIBTOOL='$(SHELL) $(top_builddir)/libtool'
LIBTOOL_DEPS='Cfg/ltmain.sh'
LINUX_MINGW_CROSS_TEST_FALSE=''
LINUX_MINGW_CROSS_TEST_TRUE='#'
LIPO=''
LN_S='ln -s'
LTLIBOBJS=''
LT_SYS_LIBRARY_PATH=''
MAKEINFO='${SHELL} /home/pi/Repositories/thirdparty/libsndfile/Cfg/missing makeinfo'
MANIFEST_TOOL=':'
MKDIR_P='/bin/mkdir -p'
MKOCTFILE=''
MKOCTFILE_VERSION=''
NM='/usr/bin/nm -B'
NMEDIT=''
OBJDUMP='objdump'
OBJEXT='o'
OCTAVE=''
OCTAVE_CONFIG=''
OCTAVE_CONFIG_VERSION=''
OCTAVE_DEST_MDIR=''
OCTAVE_DEST_ODIR=''
OCTAVE_VERSION=''
OGG_CFLAGS=''
OGG_LIBS=''
OS_SPECIFIC_CFLAGS=''
OS_SPECIFIC_LINKS=''
OTOOL64=''
OTOOL=''
PACKAGE='libsndfile'
PACKAGE_BUGREPORT='sndfile@mega-nerd.com'
PACKAGE_NAME='libsndfile'
PACKAGE_STRING='libsndfile 1.0.28'
PACKAGE_TARNAME='libsndfile'
PACKAGE_URL='http://www.mega-nerd.com/libsndfile/'
PACKAGE_VERSION='1.0.28'
PATH_SEPARATOR=':'
PKG_CONFIG='/usr/bin/pkg-config'
PKG_CONFIG_LIBDIR=''
PKG_CONFIG_PATH=''
RANLIB='ranlib'
RC=''
SED='/bin/sed'
SET_MAKE=''
SF_COUNT_MAX='0x7FFFFFFFFFFFFFFFLL'
SHARED_VERSION_INFO='1:28:0'
SHELL='/bin/bash'
SHLIB_VERSION_ARG='-Wl,--version-script=$(srcdir)/Symbols.gnu-binutils'
SIZEOF_SF_COUNT_T='8'
SNDIO_LIBS=''
SPEEX_CFLAGS=''
SPEEX_LIBS=''
SQLITE3_CFLAGS=''
SQLITE3_LIBS=''
SRC_BINDIR='src/'
STRIP='strip'
TEST_BINDIR='tests/'
TYPEOF_SF_COUNT_T='int64_t'
USE_WIN_VERSION_FILE_FALSE=''
USE_WIN_VERSION_FILE_TRUE='#'
VERSION='1.0.28'
VORBISENC_CFLAGS=''
VORBISENC_LIBS=''
VORBIS_CFLAGS=''
VORBIS_LIBS=''
WIN_RC_VERSION='1,0,28'
ac_ct_AR='ar'
ac_ct_CC='gcc'
ac_ct_CXX='g++'
ac_ct_DUMPBIN=''
am__EXEEXT_FALSE=''
am__EXEEXT_TRUE='#'
am__fastdepCC_FALSE='#'
am__fastdepCC_TRUE=''
am__fastdepCXX_FALSE='#'
am__fastdepCXX_TRUE=''
am__include='include'
am__isrc=''
am__leading_dot='.'
am__nodep='_no'
am__quote=''
am__tar='$${TAR-tar} chof - "$$tardir"'
am__untar='$${TAR-tar} xf -'
bindir='${exec_prefix}/bin'
build='armv7l-unknown-linux-gnueabihf'
build_alias=''
build_cpu='armv7l'
build_os='linux-gnueabihf'
build_vendor='unknown'
datadir='${datarootdir}'
datarootdir='${prefix}/share'
docdir='${datarootdir}/doc/${PACKAGE_TARNAME}'
dvidir='${docdir}'
exec_prefix='${prefix}'
host='armv7l-unknown-linux-gnueabihf'
host_alias=''
host_cpu='armv7l'
host_os='linux-gnueabihf'
host_vendor='unknown'
htmldir='${docdir}'
includedir='${prefix}/include'
infodir='${datarootdir}/info'
install_sh='${SHELL} /home/pi/Repositories/thirdparty/libsndfile/Cfg/install-sh'
libdir='${exec_prefix}/lib'
libexecdir='${exec_prefix}/libexec'
localedir='${datarootdir}/locale'
localstatedir='${prefix}/var'
mandir='${datarootdir}/man'
mkdir_p='$(MKDIR_P)'
oldincludedir='/usr/include'
pdfdir='${docdir}'
pkgconfigdir='${libdir}/pkgconfig'
prefix='/usr/local'
program_transform_name='s,x,x,'
psdir='${docdir}'
runstatedir='${localstatedir}/run'
sbindir='${exec_prefix}/sbin'
sharedstatedir='${prefix}/com'
sysconfdir='${prefix}/etc'
target='armv7l-unknown-linux-gnueabihf'
target_alias=''
target_cpu='armv7l'
target_os='linux-gnueabihf'
target_vendor='unknown'

## ----------- ##
## confdefs.h. ##
## ----------- ##

/* confdefs.h */
#define PACKAGE_NAME "libsndfile"
#define PACKAGE_TARNAME "libsndfile"
#define PACKAGE_VERSION "1.0.28"
#define PACKAGE_STRING "libsndfile 1.0.28"
#define PACKAGE_BUGREPORT "sndfile@mega-nerd.com"
#define PACKAGE_URL "http://www.mega-nerd.com/libsndfile/"
#define PACKAGE "libsndfile"
#define VERSION "1.0.28"
#define STDC_HEADERS 1
#define HAVE_SYS_TYPES_H 1
#define HAVE_SYS_STAT_H 1
#define HAVE_STDLIB_H 1
#define HAVE_STRING_H 1
#define HAVE_MEMORY_H 1
#define HAVE_STRINGS_H 1
#define HAVE_INTTYPES_H 1
#define HAVE_STDINT_H 1
#define HAVE_UNISTD_H 1
#define __EXTENSIONS__ 1
#define _ALL_SOURCE 1
#define _GNU_SOURCE 1
#define _POSIX_PTHREAD_SEMANTICS 1
#define _TANDEM_SOURCE 1
#define HAVE_DLFCN_H 1
#define LT_OBJDIR ".libs/"
#define STDC_HEADERS 1
#define HAVE_ENDIAN_H 1
#define HAVE_BYTESWAP_H 1
#define HAVE_LOCALE_H 1
#define HAVE_SYS_TIME_H 1
#define HAVE_SYS_WAIT_H 1
#define HAVE_DECL_S_IRGRP 1
#define HAVE_DECL_S_IRGRP 1
#define HAVE_VISIBILITY 1
#define ENABLE_EXPERIMENTAL_CODE 0
#define SIZEOF_WCHAR_T 4
#define SIZEOF_SHORT 2
#define SIZEOF_INT 4
#define SIZEOF_LONG 4
#define SIZEOF_FLOAT 4
#define SIZEOF_DOUBLE 8
#define SIZEOF_VOIDP 4
#define SIZEOF_SIZE_T 4
#define SIZEOF_INT64_T 8
#define SIZEOF_LONG_LONG 8
#define SIZEOF_OFF_T 4
#define _FILE_OFFSET_BITS 64
#define SIZEOF_OFF_T 8
#define TYPEOF_SF_COUNT_T int64_t
#define SIZEOF_SF_COUNT_T 8
#define SF_COUNT_MAX 0x7FFFFFFFFFFFFFFFLL
#define CPU_IS_BIG_ENDIAN 0
#define CPU_IS_LITTLE_ENDIAN 1
#define WORDS_BIGENDIAN 0
#define HAVE_MALLOC 1
#define HAVE_CALLOC 1
#define HAVE_REALLOC 1
#define HAVE_FREE 1
#define HAVE_OPEN 1
#define HAVE_READ 1
#define HAVE_WRITE 1
#define HAVE_LSEEK 1
#define HAVE_LSEEK64 1
#define HAVE_FSTAT 1
#define HAVE_FSTAT64 1
#define HAVE_FTRUNCATE 1
#define HAVE_FSYNC 1
#define HAVE_SNPRINTF 1
#define HAVE_VSNPRINTF 1
#define HAVE_GMTIME 1
#define HAVE_GMTIME_R 1
#define HAVE_LOCALTIME 1
#define HAVE_LOCALTIME_R 1
#define HAVE_GETTIMEOFDAY 1
#define HAVE_MMAP 1
#define HAVE_GETPAGESIZE 1
#define HAVE_SETLOCALE 1
#define HAVE_PIPE 1
#define HAVE_WAITPID 1
#define HAVE_LIBM 1
#define HAVE_FLOOR 1
#define HAVE_CEIL 1
#define HAVE_FMOD 1
#define HAVE_LROUND 1
#define HAVE_LRINT 1
#define HAVE_LRINTF 1
#define HAVE_EXTERNAL_XIPH_LIBS 0
#define HAVE_SQLITE3 0
#define CPU_CLIPS_POSITIVE 1
#define CPU_CLIPS_NEGATIVE 1
#define OS_IS_WIN32 0
#define OS_IS_OPENBSD 0
#define USE_WINDOWS_API 0
#define HAVE_ALSA_ASOUNDLIB_H 1
#define HAVE_SNDIO_H 0
#define WIN32_TARGET_DLL 0
#define COMPILER_IS_GCC 1
#define HOST_TRIPLET "armv7l-unknown-linux-gnueabihf"

configure: exit 0
